<mediawiki xmlns="http://www.mediawiki.org/xml/export-0.10/" xmlns:xsi="http://www.w3.org/2001/XMLSchema-instance" xsi:schemaLocation="http://www.mediawiki.org/xml/export-0.10/ http://www.mediawiki.org/xml/export-0.10.xsd" version="0.10" xml:lang="ru">
  <siteinfo>
    <sitename>Википедия</sitename>
    <dbname>ruwiki</dbname>
    <base>https://ru.wikipedia.org/wiki/%D0%97%D0%B0%D0%B3%D0%BB%D0%B0%D0%B2%D0%BD%D0%B0%D1%8F_%D1%81%D1%82%D1%80%D0%B0%D0%BD%D0%B8%D1%86%D0%B0</base>
    <generator>MediaWiki 1.36.0-wmf.32</generator>
    <case>first-letter</case>
    <namespaces>
      <namespace key="-2" case="first-letter">Медиа</namespace>
      <namespace key="-1" case="first-letter">Служебная</namespace>
      <namespace key="0" case="first-letter" />
      <namespace key="1" case="first-letter">Обсуждение</namespace>
      <namespace key="2" case="first-letter">Участник</namespace>
      <namespace key="3" case="first-letter">Обсуждение участника</namespace>
      <namespace key="4" case="first-letter">Википедия</namespace>
      <namespace key="5" case="first-letter">Обсуждение Википедии</namespace>
      <namespace key="6" case="first-letter">Файл</namespace>
      <namespace key="7" case="first-letter">Обсуждение файла</namespace>
      <namespace key="8" case="first-letter">MediaWiki</namespace>
      <namespace key="9" case="first-letter">Обсуждение MediaWiki</namespace>
      <namespace key="10" case="first-letter">Шаблон</namespace>
      <namespace key="11" case="first-letter">Обсуждение шаблона</namespace>
      <namespace key="12" case="first-letter">Справка</namespace>
      <namespace key="13" case="first-letter">Обсуждение справки</namespace>
      <namespace key="14" case="first-letter">Категория</namespace>
      <namespace key="15" case="first-letter">Обсуждение категории</namespace>
      <namespace key="100" case="first-letter">Портал</namespace>
      <namespace key="101" case="first-letter">Обсуждение портала</namespace>
      <namespace key="102" case="first-letter">Инкубатор</namespace>
      <namespace key="103" case="first-letter">Обсуждение Инкубатора</namespace>
      <namespace key="104" case="first-letter">Проект</namespace>
      <namespace key="105" case="first-letter">Обсуждение проекта</namespace>
      <namespace key="106" case="first-letter">Арбитраж</namespace>
      <namespace key="107" case="first-letter">Обсуждение арбитража</namespace>
      <namespace key="446" case="first-letter">Education Program</namespace>
      <namespace key="447" case="first-letter">Education Program talk</namespace>
      <namespace key="828" case="first-letter">Модуль</namespace>
      <namespace key="829" case="first-letter">Обсуждение модуля</namespace>
      <namespace key="2300" case="first-letter">Гаджет</namespace>
      <namespace key="2301" case="first-letter">Обсуждение гаджета</namespace>
      <namespace key="2302" case="case-sensitive">Определение гаджета</namespace>
      <namespace key="2303" case="case-sensitive">Обсуждение определения гаджета</namespace>
      <namespace key="2600" case="first-letter">Тема</namespace>
    </namespaces>
  </siteinfo>
  <page>
    <title>Базовая статья</title>
    <ns>0</ns>
    <id>4</id>
    <redirect title="Заглавная страница" />
    <revision>
      <id>237414</id>
      <parentid>22491</parentid>
      <timestamp>2004-08-09T04:36:57Z</timestamp>
      <contributor>
        <username>Maximaximax</username>
        <id>450</id>
      </contributor>
      <comment>redir</comment>
      <model>wikitext</model>
      <format>text/x-wiki</format>
      <text bytes="49" xml:space="preserve">#REDIRECT [[Заглавная страница]]</text>
      <sha1>fv75zcmgjvd2h4rn3jqc0yrlf07afkh</sha1>
    </revision>
  </page>
  <page>
    <title>Литва</title>
    <ns>0</ns>
    <id>7</id>
    <revision>
      <id>112650593</id>
      <parentid>112318011</parentid>
      <timestamp>2021-02-27T13:35:16Z</timestamp>
      <contributor>
        <ip>88.147.174.33</ip>
      </contributor>
      <comment>дополнение</comment>
      <model>wikitext</model>
      <format>text/x-wiki</format>
      <text bytes="118374" xml:space="preserve">{{другие значения}}
{{Государство
| Русское название = Литовская Республика
| Оригинальное название = {{lang-lt|Lietuvos Respublika}}
| Родительный падеж = Литвы
| Герб = Coat of Arms of Lithuania.svg
| Название гимна = Tautiška giesmė
| Флаг = Flag of Lithuania.svg
| Аудио = Tautiška_giesme_instumental.ogg
| Этап1 = [[Битва при Сауле]]
| Дата1 = [[1236 год]]
| Этап2 = Коронация [[Миндовг]]а
| Дата2 = [[1253 год]]
| Этап3 = [[Кревская уния]] (с [[Королевство Польское|Польшей]])
| Дата3 = [[1385 год]]
| Этап4 = [[Люблинская уния]] (c [[Корона Королевства Польского|Польшей]])
| Дата4 = [[1569 год]]
| Этап5 = [[Третий раздел Речи Посполитой|Ликвидация Речи Посполитой]]
| Дата5 = [[1795 год]]
| Этап6 = Независимость&lt;ref group=комм.&gt;[[Де-юре]] от [[Российская Социалистическая Федеративная Советская Республика (1917—1922)|Советской России]], [[де-факто]] Литва была оккупирована [[Германская империя|Германской империей]]&lt;/ref&gt;
| Дата6 = [[16 февраля]] [[1918]]
| Этап7 = [[Литовская ССР]]
| Дата7 = [[1940 год]]
| Этап8 = Независимость от [[Союз Советских Социалистических Республик|СССР]]
| Дата8 = [[11 марта]] [[1990]]
| lat_dir = N
| lat_deg = 55
| lat_min = 20
| lat_sec = 0
| lon_dir = E
| lon_deg = 24
| lon_min = 6
| lon_sec = 0
| region = LT
| CoordScale = 1800000
| На карте = EU-Lithuania.svg
| подпись к карте = Расположение '''Литвы''' (зелёный):&lt;br&gt;— в [[Европа|Европе]] (светло-зелёный и тёмно-серый)&lt;br&gt;— в [[Европейский союз|Европейском союзе]] (светло-зелёный)
| Язык = [[литовский язык|литовский]]
| Столица = [[Вильнюс]]
| Форма правления = [[парламентская республика]]
| Крупнейшие города = Вильнюс, [[Каунас]], [[Клайпеда]], [[Шяуляй]], [[Паневежис]]
| Курорты = [[Паланга]], [[Друскининкай]], [[Неринга]], [[Бирштонас]], [[Тракай]]
| Должность руководителя 1 = [[Президенты Литвы|Президент]]
| Руководитель 1 = [[Гитанас Науседа]]
| Должность руководителя 2 = [[Премьер-министры Литвы|Премьер-министр]]
| Руководитель 2 = [[Ингрида Шимоните]]
| Должность руководителя 3 = Председатель [[Сейм Литовской Республики|Сейма]]
| Руководитель 3 = [[Чмилите-Нильсен, Виктория|Виктория Чмилите-Нильсен]]
| Место по территории = 121
| Территория = 65 301
| Процент воды = -
| Этнохороним = литовцы, литовец, литовка
| Место по населению = 137
| Население = {{увеличение}}2 795 175&lt;ref&gt;{{cite web |url = https://ru.aznations.com/population/lt |website = |date = |lang = |author = |title = {title} |accessdate = }}&lt;/ref&gt;
| Год оценки = 2021
| Население по переписи = {{число|3054000}}&lt;ref name=&quot;прессрелиз&quot;&gt;{{cite web |url=https://www.stat.gov.lt/uploads/docs/gyv_sk_surasymas.pdf |title=Предварительные итоги переписи в официальном пресс-релизе Департамента статистики. |accessdate=2011-12-12 |archiveurl=https://web.archive.org/web/20111215120046/http://www.stat.gov.lt/uploads/docs/gyv_sk_surasymas.pdf |archivedate=2011-12-15 |deadlink=yes }}&lt;/ref&gt;
| Год переписи = 2011
| Плотность населения = 45
| Место по плотности = 173
| ВВП (ППС) = 107,4 млрд&lt;ref name=&quot;dataimf&quot;&gt;[https://www.imf.org/en/Publications/WEO/weo-database/2020/October/weo-report?c=193,122,124,156,423,935,128,939,172,132,134,174,532,176,178,436,136,158,542,941,946,137,546,181,138,196,142,182,359,135,576,936,961,184,144,146,528,112,111,&amp;s=NGDPD,PPPGDP,NGDPDPC,PPPPC,&amp;sy=2018&amp;ey=2020&amp;ssm=0&amp;scsm=1&amp;scc=0&amp;ssd=1&amp;ssc=0&amp;sic=0&amp;sort=country&amp;ds=,&amp;br=1 Report for Selected Countries and Subjects]&lt;/ref&gt;
| Год расчёта ВВП (ППС) = 2019
| Место по ВВП (ППС) = 85
| ВВП (ППС) на душу населения = {{число|38587}}&lt;ref name=&quot;dataimf&quot;/&gt;
| Место по ВВП (ППС) на душу населения = 37
| ВВП (номинал) = 54,2 млрд&lt;ref name=&quot;dataimf&quot;/&gt;
| Год расчёта ВВП (номинал) = 2019
| Место по ВВП (номинал) = 81
| ВВП (номинал) на душу населения = {{число|19482}}&lt;ref name=&quot;dataimf&quot;/&gt;
| Место по ВВП (номинал) на душу населения = 46
| ИРЧП = 
* {{increase}} 0,882 (&lt;span style=&quot;color:#090;&quot;&gt;очень высокий&lt;/span&gt;; [[Индекс человеческого развития|ИЧР]], [[Список стран по индексу человеческого развития|34-е место]])&lt;ref name=&quot;HDI&quot;&gt;{{cite web |title= 2020 Human Development Report|publisher= United Nations Development Programme |year= 2019 |url= http://hdr.undp.org/sites/default/files/hdr2020.pdf |access-date= 15 December 2020}}&lt;/ref&gt;
* {{increase}} 0,791 (&lt;span style=&quot;color:#0c0;&quot;&gt;высокий&lt;/span&gt;; [[Список стран по индексу человеческого развития с учётом неравенства в распределении здоровья, образования и дохода|ИЧРН]], [[Список стран по индексу человеческого развития с учётом неравенства в распределении здоровья, образования и дохода|32-е место]])&lt;ref&gt;{{cite web |title=Inequality-adjusted HDI (IHDI) |url=http://hdr.undp.org/en/indicators/138806 |website=hdr.undp.org |publisher=[[United Nations Development Programme|UNDP]] |access-date=15 December 2020}}&lt;/ref&gt;
| Год расчёта ИРЧП = 2019 
| Место по ИРЧП =  
| Уровень ИРЧП =  
| Валюта = [[евро]] ('''EUR''', [[Общероссийский классификатор валют|код 978]])&lt;ref group=&quot;комм.&quot;&gt;До 2015 года — [[литовский лит]].&lt;/ref&gt;
| Телефонный код = 370
| Домен = [[.lt]], [[.eu]]
| ISO = LTU
| МОК = LTU
| Часовой пояс = [[Восточноевропейское время|EET]] ([[UTC+02:00|UTC+2]], [[Летнее время|летом]] [[Восточноевропейское летнее время|UTC+3]])
| прим = {{примечания|group=&quot;~&quot;}}
}}

'''Литва́''' ({{lang-lt|Lietuva}} {{IPA|[lʲɪɛtʊˈvɐ]}}), официальное название — '''Лито́вская Респу́блика''' ({{lang-lt|Lietuvos Respublika}}) — [[государство]], расположенное в [[Северная Европа|северной части]] [[Европа|Европы]].
Площадь — {{число|65300}} км²&lt;ref&gt;[https://www.cia.gov/library/publications/the-world-factbook/geos/lh.html Europe :: Lithuania — The World Factbook — Central Intelligence Agency&lt;!-- Заголовок добавлен ботом --&gt;]&lt;/ref&gt;. Протяжённость с севера на юг — 280 км, а с запада на восток — 370 км&lt;ref&gt;[http://www.putevye-zametki.narod.ru/lietuva/lietuva_geo.html Путёвые заметки. География Литвы]&lt;/ref&gt;. Население составляет {{число|2795175|}} человек (январь, 2021)&lt;ref&gt;{{cite web|url=https://osp.stat.gov.lt/|title=Pradžia - Oficialiosios statistikos portalas|publisher=osp.stat.gov.lt|accessdate=2019-09-24}}&lt;/ref&gt;. Занимает [[Список стран по населению|137-е место в мире по численности населения]] и [[Список стран по территории|121-е по территории]]. Имеет выход к [[Балтийское море|Балтийскому морю]], расположена на его восточном побережье. Береговая линия составляет всего 99 км (наименьший показатель среди государств Балтии). На севере граничит с [[Латвия|Латвией]], на юго-востоке — с [[Белоруссия|Белоруссией]], на юго-западе — с [[Польша|Польшей]] и [[Калининградская область|Калининградской областью]] [[Россия|России]].

Сто­ли­ца — [[Вильнюс]]. Официальный язык — [[Литовский язык|ли­тов­ский]]. Де­неж­ная еди­ни­ца — [[евро]].

Восстановление независимости страны провозглашено 11 марта 1990 года,&lt;ref name=&quot;автоссылка1&quot;&gt;Закон Литовской Республики от 11 марта 1990 года «О восстановлении действия Конституции Литвы от 12 мая 1938 года» // Советская Литва, 13 марта 1990&lt;/ref&gt; а юридически оформлено 6 сентября 1991 года. {{Переход|#История|1}}.

Литва — член [[ООН]] (1991), [[ОБСЕ]] (1991), [[Совет Европы|Со­ве­та Ев­ро­пы]] (1993), [[Всемирная торговая организация|ВТО]] (2001), [[Европейский союз|Европейского союза]] (2004), [[НАТО]] (2004) и [[ОЭСР]] (2018). Входит в [[Шенгенская зона|Шенгенскую зону]] и [[Еврозона|Еврозону]].

== Этимология ==
Этимология слова «Литва» точно не известна, при этом существует множество версий, ни одна из которых не получила всеобщего признания. Корень «лит» и его варианты «лет»/«лют» допускают различные толкования как в [[Балтийские языки|балтских]] и [[Славянские языки|славянских]], так и в других [[Индоевропейские языки|индоевропейских языках]]. Так, например, существуют созвучные [[топоним]]ы на территории [[Словакия|Словакии]] «''Lytva''» и [[Румыния|Румынии]] «''Litua''», известные с XI—XII веков&lt;ref name=&quot;ВКЛЭ2&quot;&gt;{{книга:ВКЛЭ2|Насевіч В.|Літва|202}}&lt;/ref&gt;. По мнению [[Поспелов, Евгений Михайлович|Е. Поспелова]], топоним образован от древнего названия реки [[Летаука|Летава]] (Lietavà от {{lang-lt|lieti}} «лить», русское «Летаука»). Феодальное княжество, по землям которого протекала эта река, со временем заняло ведущее положение и название было распространено на всё государство. В «[[Повесть временных лет|Повести временных лет]]» (XII век) упоминается [[этноним]] «[[Литва (племена)|литва]]», полностью совпадающий с названием местности «Литва» и по смыслу (территория, где живёт литва), и по форме{{sfn|Поспелов|2002|с=244—245}}.

== География ==
{{главная|География Литвы}}
Поверхность — [[Равнина|равнинная]], со следами древнего [[Ледниковый период|оледенения]]. Поля и луга занимают 57 % территории, леса и кустарники — 30 %, болота — 6 %, внутренние воды — 1 %.

Высшая точка — 293,84 м [[высота над уровнем моря|над уровнем моря]] — холм [[Аукштояс]] (или Аукштасис калнас) в юго-восточной части страны, в 23,5 км от [[Вильнюс]]а&lt;ref&gt;{{cite web |url=http://39.ru/novosti/nashi-sosedi/15127-samaya-vysokaya-tochka-litvy-gotova-prinyat-turistov.html |title=Самая высокая точка Литвы готова принять туристов |accessdate=2014-05-29 |archiveurl=https://web.archive.org/web/20141006194229/http://39.ru/novosti/nashi-sosedi/15127-samaya-vysokaya-tochka-litvy-gotova-prinyat-turistov.html |archivedate=2014-10-06 |deadlink=yes }}&lt;/ref&gt;.

Крупнейшие реки — [[Неман]] и [[Вилия (река)|Вилия]].
[[Озёра Литвы|Более 3 тыс. озёр]] (1,5 % территории): крупнейшее из них — [[Друкшяй]] на границе Латвии, Литвы и Белоруссии (площадь 44,8 км²), самое глубокое — [[Таурагнас]], 61 м)&lt;ref&gt;{{из БСЭ|заглавие=Литовская Советская Социалистическая Республика|автор=М. Б. Яковер}}&lt;/ref&gt;, самое длинное — Асвея длинной в 30 км у местечка [[Дубингяй]].

[[Климат]] переходный от [[Морской климат|морского]] к [[Континентальный климат|континентальному]]. Средняя температура зимой −5 °C, летом +17 °C. Выпадает 748 мм осадков в год.

[[Полезные ископаемые]]: [[торф]], минеральные материалы, строительные материалы.

== История ==
{{главная|История Литвы}}

=== Древнейшая история ===
Территория современной Литвы была заселена людьми с конца X—IX тысячелетия до н. э. Жители занимались охотой и [[рыболовство]]м, использовали лук и стрелы с кремнёвыми наконечниками, [[скребки]] для обработки кожи, удочки и сети. В конце [[неолит]]а (III—II тысячелетия до н. э.) на территорию современной Литвы проникли [[Индоевропейцы|индоевропейские племена]]. Они занимались [[земледелие]]м и [[скотоводство]]м, при этом охота и рыболовство оставались основными занятиями местных жителей вплоть до широкого распространения железных орудий труда. [[Индоевропейцы]], заселившие земли между устьями [[Висла|Вислы]] и [[Западная Двина|Западной Двины]], выделились в отдельную группу, названную учёными [[балты|балтами]].

Традиционно считается, что этническая основа Литвы сформирована носителями [[Культура восточнолитовских курганов|археологической культуры восточнолитовских курганов]], сложившейся в V веке н. э. на территории современных Восточной Литвы и Северо-Западной [[Белоруссия|Белоруссии]]&lt;ref&gt;''Мядзведзеў А. М.'' Культура ўсходнелітоўскіх курганоў // Археалогія Беларусi. Жалезны век i ранняе сярэднявечча. — Мінск, 1999. — Т. 2. — С. 391.&lt;/ref&gt;. Около VII века [[литовский язык]] отделился от [[латышский язык|латышского]]&lt;ref name=&quot;История МИД 13&quot;&gt;''Эйдинтас А. и др.'' История Литвы. — Вильнюс, 2013. — С. 13.&lt;/ref&gt;.

=== Зарождение государства ===
[[Файл:Lietuvos vardas. The first name of Lithuania in writing 1009.jpg|слева|мини|Фрагмент рукописи «Кведлинбургских анналов» с первым упоминанием о Литве|альт=]]
Становление государственности {{нет АИ 2|на территории современной Литвы|16|01|2021}} относят к XIII веку, при этом само название «[[Литва (термин)|Литва]]» впервые упомянуто в [[Кведлинбургские анналы|Кведлинбургских анналах]] под 1009 годом в сообщении об убийстве язычниками миссионера [[Бруно Кверфуртский|Бруно]] на границе [[Русь|Руси]] и Литвы ({{lang-lat|Litua}} → косв.п. {{lang-lat|Lituae}}). По наиболее распространённой, но аргументированно опровергнутой, версии, топоним возник от названия небольшой реки [[Летаука]], притока [[Вилия (река)|Няриса]]&lt;ref name=&quot;История МИД 13&quot; /&gt;. Согласно более современной гипотезе, название страны могло произойти от этнонима «леты» или «лейти», которым жители окрестных земель называли дружинников литовских князей&lt;ref name=&quot;История МИД 13&quot; /&gt;&lt;ref&gt;''Дубонис А.'' [http://www.nbuv.gov.ua/old_jrn/Soc_Gum/kdik/2008_2/PDF/130Dubonis.pdf Проблемы образования Литовского государства и его отношений с Галицко-Волынским княжеством в новейшей историографии Литвы] // Княжа доба: історія і культура. — 2008. — Вип. 2. — С. 156.&lt;/ref&gt;.

В начале XIII века в земли балтов-язычников с запада началось вторжение немецких рыцарей-крестоносцев. Они покорили [[Пруссия|Пруссию]] и [[Ливония|Ливонию]]. В это же время с юга началась экспансия [[Галицко-Волынское княжество|Галицко-Волынского княжества]]. К середине XIII века многие литовские земли были объединены под властью князя [[Миндовг]]а, принявшего в 1251 году [[католицизм|католическое]] крещение и коронованного в 1253 году. Через несколько лет Миндовг отрёкся от христианства и до начала XIV века литовские земли оставались языческими. Несмотря на то, что уже в 1263 году Миндовг был свергнут, его правление положило начало более чем пятисотлетнему существованию [[Великое княжество Литовское|Великого княжества Литовского]].

=== Великое княжество Литовское ===
В XIV — начале XV веках территория Великого княжества Литовского стремительно росла, в основном за счёт присоединения земель [[Западная Русь|Западной Руси]]. Включение в состав государства густо населенные [[православие|православными]] [[Русины (исторический этноним)|русинами]] обширных территорий, многократно превышающих по площади и количеству населения собственно литовские земли, привело к перениманию литовскими князьями, ставшими наместниками на русских землях, православной культуры, а формирующаяся [[западнорусский письменный язык|русинская письменность]] стала официальным языком документов ВКЛ&lt;ref name=&quot;История МИД 39&quot;&gt;''Эйдинтас А. и др.'' История Литвы. — Вильнюс, 2013. — С. 39.&lt;/ref&gt;. Собственно литовский язык до XVI века оставался бесписьменным, хотя и продолжал использоваться на этнически литовских землях.

В 1385 году великий князь литовский [[Ягайло]] заключил [[Кревская уния|Кревскую унию]] с [[Королевство Польское|Королевством Польским]]. По условиям унии, Ягайло обязался присоединить Великое княжество Литовское к Королевству Польскому и крестить литовские земли по католическому обряду, а сам становился [[Список правителей Польши|королём Польши]] и сохранял титул великого князя литовского. Однако вскоре он вынужден был уступить власть в Великом княжестве Литовском своему двоюродному брату [[Витовт]]у. Последний, хотя и признал себя вассалом Ягайло, проводил самостоятельную внешнюю политику и таким образом полное объединение государств не состоялось. В годы правления Витовта (1392—1430) Великое княжество Литовское достигло наивысшего расцвета, а его территория составила примерно 930 тыс. км².
[[Файл:VKL-1462-ru.png|мини|Границы ВКЛ в период наивысшего расцвета.]]
В этот же период литовские князья из династии [[Гедиминовичи|Гедиминовичей]] вели тяжёлую борьбу с [[Тевтонский орден|Тевтонским орденом]], который был разбит в 1410 году в [[Грюнвальдская битва|Грюнвальдской битве]] объединёнными войсками Великого княжества Литовского и Королевства Польского. В 1422 году в состав великого княжества окончательно вошла [[Жемайтия]], долгое время служившая основным предметом споров с крестоносцами.

Великий князь [[Казимир Ягеллон|Казимир]], одновременно бывший и королём польским, расширил влияние династии [[Ягеллоны|Ягеллонов]] — подчинил [[Пруссия|Пруссию]], посадил своего сына на чешский и венгерский троны. В 1492—1526 годах существовала политическая система государств Ягеллонов, охватывавшая Польшу (с вассалами Пруссией и [[Молдавское княжество|Молдавским княжеством]]), Великое княжество Литовское, [[Чехия|Чехию]] и [[Венгрия|Венгрию]].

Правовой основой государства являлся [[Статуты Великого княжества Литовского|стату́т]], изданный в трёх редакциях (1529, 1566, 1588), отражающих социально-экономические и политические изменения. Статут регламентировал вопросы гражданского, уголовного и процессуального права. На территории Великого княжества третья редакция статута действовала до 1840 года.

=== В Речи Посполитой ===
В 1569 году в [[Люблин]]е была заключена новая уния с Польшей, в результате которой образована [[Речь Посполитая]]. Согласно акту [[Люблинская уния|Люблинской унии]] Литвой и Польшей правил совместно избираемый король, а государственные дела решались в общем [[Сейм Речи Посполитой|Сейме]]. Однако правовые системы, армия и чиновники оставались раздельными.

В XVI—XVIII веках в Литве по польскому образцу сложилась политическая система, известная как [[шляхетская демократия]]. Она характеризовалась наличием широких прав [[Шляхта|шляхты]] (дворянства) в управлении государством. Одновременно с этим происходила [[полонизация]] шляхты, выраженная в перенимании правящим сословием Великого княжества Литовского польского языка, культуры и идентичности. На непривилегированные сословия полонизация столь значительного влияния не оказала.

=== В составе Российской империи ===
В XVIII веке в результате опустошительных войн и всеобъемлющего государственного кризиса Речь Посполитая пришла к упадку и попала под влияние [[Российская империя|Российской империи]]. В 1772, 1793 и 1795 годах состоялись [[разделы Речи Посполитой]] между Россией, Пруссией и Австрией. Почти вся территория бывшего Великого княжества Литовского была присоединена к Российской империи.

В попытках восстановить государственность польско-литовское дворянство приняло сторону [[Наполеон]]а в 1812 году, а также неоднократно поднимало восстания ([[Польское восстание 1830 года|1830—1831]], [[Польское восстание 1863 года|1863—1864]]), которые, однако, окончились поражением. В стремлении ликвидировать польское влияние в Литве российские власти предприняли широкую кампанию деполонизации и [[Русификация (политика)|русификации]]. В 1864 году была частично [[запрет на литовскую латиницу|запрещена литовская печать латиницей]]. Литовское население, особенно католическое духовенство, сопротивлялись русификации: кириллические издания игнорировали, а книги, напечатанные латиницей, [[Книгоноши в Литве|книгоноши]] нелегально ввозили из соседней Пруссии. В 1904 году запрет на литовскую латиницу был отменён.

=== Во время Первой мировой войны ===
Начавшаяся [[Первая мировая война]] быстро распространилась по территории Литвы, к концу 1915 года все этнически литовские земли контролировались Германией. Литовцы потеряли все политические права. Вначале даже запрещены литовские периодические издания. Однако литовская интеллигенция попыталась воспользоваться геополитической ситуацией и начала искать возможности для восстановления независимости Литвы. 18—22 сентября 1917 года в Вильнюсе была проведена Литовская конференция, во время которой была избрана [[Литовская Тариба]] («Совет Литвы»)&lt;ref&gt;[http://viduramziu.istorija.net/etno/vasario16-ru.htm Акт Независимости Литвы (1918 г.) &amp;#124; Наследие Средневековой Литвы]&lt;/ref&gt;. В ходе конференции было принято решение о необходимости создания независимого литовского государства в этнографических границах и со столицей в Вильнюсе&lt;ref&gt;[https://w.histrf.ru/articles/article/show/litovskaia_tariba ЛИТОВСКАЯ ТАРИБА — информация на портале Энциклопедия Всемирная история]&lt;/ref&gt;. Председателем Совета был избран [[Сметона, Антанас|А. Сметона]]&lt;ref&gt;[https://www.lrp.lt/ru/institut-prezidenta/istorija/antanas-smjatona/21330 Антанас Смятона &amp;#124; Президент Литовской Республики]&lt;/ref&gt;.

11 декабря 1917 года, а после ещё раз — [[Акт о независимости Литвы|16 февраля 1918 года]] — было провозглашено восстановление Литовского государства. В отличие от принятой 11 декабря под диктовку германских властей декларации, документ от 16 февраля говорит о полной независимости Литвы — и от России, и от Германии.

Однако документ от 16 февраля дает самостоятельность только «на бумаге». После заключения [[Брестский мир|Брест-Литовского мирного договора]] Германия игнорирует декларацию 16 февраля и, ссылаясь на резолюцию 11 декабря, взвешивает возможность создать Литовское королевство с германским монархом&lt;ref&gt;{{Cite web|lang=|url=https://rus.lsm.lv/statja/kultura/istorija/.a268115/|title=Что и почему нужно знать о провозглашении независимости Литвы|author=Янис Шилиньш|website=Rus.lsm.lv|date=2018-02-16|publisher=}}&lt;/ref&gt;.

23 марта 1918 года император [[Вильгельм II (германский император)|Вильгельм II]] признал независимость Литвы. На основании акта о признании литовской государственности Тариба была преобразована в Государственный Совет Литвы.

13 июля 1918 года Государственный Совет принял решение установить в Литве конституционную монархию и предложить вюртембергскому принцу [[Вильгельм фон Урах|Вильгельму фон Ураху]] корону. Впрочем, 2 ноября 1918 года это решение было отозвано. Были приняты основные положения Временной конституции Литвы. 11 ноября 1918 года Президиум Государственного Совета утвердил первое временное правительство Литвы из шести министров под руководством [[Вольдемарас, Аугустинас|Аугустинаса Вольдемараса]], тем самым дав начало созданию государственного аппарата Литвы.[[Файл:Rzeczpospolita Lithuania claims.png|thumb|right|230px|Литва и Польша после Первой мировой войны и похода Желиговского на [[Вильно]]]]

=== Литовская Республика ===
{{Главная|Литовская Республика (1918—1940)}}
После ухода основных немецких частей и [[Советско-литовская война|начала боёв]] с большевистской [[Рабоче-крестьянская Красная армия|Красной армией]] 16 декабря 1918 года была образована [[Литовская Советская Республика]]. 27 февраля 1919 года в Вильнюсе состоялось объединённое заседание ЦИКов Литвы и [[ССРБ|Белоруссии]], где было провозглашено образование Литовско-Белорусской ССР ([[Литбел]]).

В феврале — марте 1919 года войска литовской Тарибы, поддержанные немецкими гарнизонами, начали военные действия против Литбела, в апреле 1919 года к ним присоединилась польская армия. В результате территория Литбела была занята польскими частями. Для борьбы с Польшей Советской России требовался нейтралитет Литвы, для чего 12 июля 1920 года в Москве был заключён [[Московский договор РСФСР — Литва (1920)|советско-литовский договор]]. Литбел прекратил своё существование, Советская Россия признала независимость Литвы и передачу ей спорного [[Виленский край|Виленского края]].

После поражения Красной армии под Варшавой и советского отступления польские части под командованием генерала [[Желиговский, Люциан|Л. Желиговского]] инсценировали мятеж и якобы самовольно заняли территорию Виленского края. 12 октября 1920 года было объявлено о создании на территории края государства [[Срединная Литва]], однако уже в 1922 году оно вошло в состав Польской Республики в качестве [[Виленское воеводство (II Речь Посполитая)|воеводства]]. Литовские власти продолжали считать Вильнюс столицей Литвы, хотя фактически руководство осуществлялось из [[Каунас]]а.
[[Файл:Antanas Smetona 2.jpg|thumb|200px|Антанас Сметона]]
В 1919 году в Литве введена должность президента, первым президентом государства был избран [[Сметона, Антанас|Антанас Сметона]]. 5 мая 1920 года состоялось первое заседание демократически избранного Учредительного собрания. В 1921 году страна была принята в [[Лига Наций|Лигу Наций]]. В 1922 году была принята постоянная конституция. Приведены реформы в области земельных ресурсов, финансов и образования, введена литовская валюта (лит), открыт Литовский университет.

Клайпедский край (Мемельланд), населённый в основном прусскими литовцами и немцами, по решению Лиги Наций находился под временным управлением французской администрации. В 1923 году в результате восстания местных литовцев и при негласном участии литовской полиции Клайпедский край был присоединён к Литве на правах автономии. Французская администрация не предприняла никаких шагов для борьбы с восстанием, 16 февраля 1923 года страны Антанты признали присоединение Клайпедского края к Литве.

В декабре 1926 года в Литве произошёл [[Военный переворот в Литве (1926)|военный переворот]], вернувший к власти лидера националистов А. Сметону. Началась так называемая авторитарная фаза управления государством. В 1928 году была принята конституция, расширяющая президентские полномочия. Оппозиционные партии были запрещены, цензура ужесточена, а права национальных меньшинств урезаны.

17 марта 1938 года Польша предъявила Литве ультиматум с требованием признать Виленский край неотъемлемой частью польского государства. Год спустя, 20 марта 1939 года, Литва получила ультиматум Германии с требованием вернуть ей Клайпедский край. Оба ультиматума Литва была вынуждена принять.

=== Вторая мировая война и присоединение к СССР ===
Согласно [[Секретный дополнительный протокол к Договору о ненападении между Германией и СССР|секретному протоколу]] к заключённому в августе 1939 года пакту Молотова-Риббентропа, Литва была включена в сферу интересов Германии. 1 сентября Германия начала [[Польская кампания вермахта (1939)|вторжение в Польшу]], а 17 сентября СССР осуществил освобождение земель, завоёванных Польшей в ходе [[Польско-советская война (1919—1921)|польско-советской войны]], по итогам которого вернул западные земли Белоруссии и Украины, в том числе и Вильнюс.

25 сентября СССР инициировал переговоры об отказе Германии от претензий на Литву в обмен на территории Варшавского и Люблинского воеводств Польши. 10 октября 1939 года в Москве был подписан «Договор о передаче Литве города Вильно и Виленской области и о взаимопомощи между СССР и Литвой с конфиденциальным протоколом к нему» сроком на 15 лет, предусматривавший ввод в Литву 20-тысячного контингента советских войск. 14—15 июля 1940 года, после принятия советского ультиматума и ввода дополнительного советского военного контингента, в Литве были проведены выборы в Народный сейм, к участию в которых был допущен лишь просоветский «Блок трудового народа». 21 июля Народный сейм провозгласил образование [[Литовская Советская Социалистическая Республика|Литовской ССР]], 3 августа 1940 года она была принята в состав СССР. В 1940 году, уже будучи в составе СССР, Литва получила часть территории Советской Белоруссии.

22 июня 1941 года, после [[ВОВ|нападения Германии на СССР]], последовали [[Июньское восстание (Литва)|антисоветские выступления]] в Литве. В Каунасе было провозглашено [[Временное правительство Литвы]], поддерживавшее тесные контакты с немцами. Однако после начала фактической [[Оккупация Литвы нацистской Германией|немецкой оккупации]] это Временное правительство было распущено, а территория Литвы включена в [[рейхскомиссариат Остланд]] ([[генеральный округ Литва]]), в рамках которого ей была предоставлена некоторая автономия. Оккупационную администрацию возглавлял генерал [[Кубилюнас, Пятрас|П. Кубилюнас]].

В 1944 году нацисты были изгнаны Красной армией с территории Литовской ССР (см. [[Белорусская операция (1944)]]).

=== Послевоенный период ===
В 1944—1953 годах происходили столкновения между органами охраны правопорядка и [[Лесные братья (1944—1957)|вооружёнными националистическими формированиями]]. «Лесные» или «Зелёные», как именовали их в Литве, проводили террор в отношении представителей советской власти, военнослужащих, а также и гражданского мирного населения, включая детей. Основной костяк «Лесных» составляли люди запятнавшие себя сотрудничеством с германским оккупационным режимом, участвовавшие в вооружённых формированиях созданных нацистами, участвовавших в карательных акциях на территории Литвы, Белоруссии и России, уничтожавшие еврейское население. Также к ним примкнули бывшие крупные землевладельцы потерявшие собственность.

Позднее советские власти столкнулись с ненасильственным сопротивлением местной националистической интеллигенции и католического духовенства.

В годы [[Перестройка|перестройки]] движение за независимость Литвы значительно усилилось и находило всё больше поддержки со стороны местных властей. В 1989 году была организована акция «[[Балтийский путь]]». Жители Литвы, Латвии и Эстонии, выражая своё желание выйти из состава СССР, выстроили живую цепь длиной почти в 600 км.

=== Восстановление независимости ===
[[Файл:Lithuania presidency EU stamp 2013.jpg|thumb|Марка посвящена председательствованию Литвы в Европейском союзе. На марке изображены государственные флаги стран ЕС (2013)]]
11 марта 1990 года Верховный Совет объявил о восстановлении независимости Литвы&lt;ref name=&quot;автоссылка1&quot; /&gt;. Литва стала первой советской республикой, объявившей о выходе из СССР.

18 апреля 1990 года СССР ввёл [[Экономическая блокада Литвы (1990)|экономическую блокаду]], прекратив поставку нефти. Блокада продолжалась 74 дня, но литовские власти продолжили курс на независимость. Постепенно экономические отношения были восстановлены. Напряжённость вновь возникла в январе 1991 года, когда [[События в Вильнюсе (1991)|советские отдельные части армии, милиции и КГБ попытались совершить силовой захват власти]]. Мирное сопротивление литовского населения привело к поражению путча, было убито 14 и ранено 900 человек{{Нет АИ|23|8|2019}} гражданского населения. Вскоре после этого, в феврале 1991 года [[Исландия]] стала первой страной, признавшей независимость Литвы.

6 сентября 1991 года [[Государственный совет СССР]] признал независимость Литвы. 17 сентября того же года Литва была принята в [[Организация Объединённых Наций|Организацию Объединённых Наций]].

25 октября 1992 года граждане Литовской Республики проголосовали на референдуме за принятие [[Конституция Литвы 1992 года|конституции Литовской Республики]]. 14 февраля 1993 года всеобщим голосованием Альгирдас Бразаускас был избран президентом страны. 31 августа того же года последние части Советской армии покинули территорию Литвы.

С 29 марта 2004 года Литва вошла в блок [[НАТО]], а с 1 мая 2004 года стала полноправным членом [[Европейский союз|Европейского союза]]. 1 января 2015 года Литва вступила в [[Еврозона|еврозону]].

== Административное деление ==
{{главная|Административное деление Литвы}}
[[Файл:Litauen RUS.png|frame|Карта Литвы]]
Территория Литвы разделена на 10 уездов. Уезды образуют территории самоуправлений 9 городов и 43 районов, а также 8 вновь образованных самоуправлений. Самоуправления делятся на [[Староство|староства]].

{| border=&quot;0&quot; cellpadding=&quot;5&quot;
|
|[[Файл:Литва АТД.png|thumb|250px|Уезды Литвы]]
|
* [[Алитусский уезд]]
* [[Вильнюсский уезд]]
* [[Каунасский уезд]]
* [[Клайпедский уезд]]
* [[Мариямпольский уезд]]
* [[Паневежский уезд]]
* [[Таурагский уезд]]
* [[Тельшяйский уезд]]
* [[Утенский уезд]]
* [[Шяуляйский уезд]]
|}

=== Города Литвы ===
{{главная|Города Литвы}}
В Литве выделяются 3 типа населённых пунктов: города, [[Местечко|местечки]] (городки) и деревни. Статус города предоставляет Сейм Литовской Республики. В 2004 году насчитывалось 106 городов.

Города с населением свыше 100 тыс. человек:
* [[Вильнюс]] (580 тыс.);
* [[Каунас]] (306,7 тыс.);
* [[Клайпеда]] (149,5 тыс.);
* [[Шяуляй]] (107,9 тыс.).

== Население ==
{{главная|Население Литвы}}
По данным Всемирного банка на 2013−2014 годы, Литва попала в список стран мира, исчезающих быстрее всего. Катастрофическое уменьшение численности населения — 28 366 (1 %) — усугубила стремительная эмиграция жителей, увеличившаяся смертность, спад рождаемости. По разным данным, Литву, с момента обретения независимости и вступления в ЕС (2004 год), покинуло около миллиона жителей. Большинство из них уехало на заработки в страны Западной Европы&lt;ref&gt;[https://regnum.ru/news/society/1950492.html Пуэрто-Рико, Латвия и Литва — самые быстро вымирающие страны планеты]&lt;/ref&gt;. По оценкам департамента статистики Литовской Республики, в начале сентября 2015 года в стране проживало {{число|2898062}} человека&lt;ref&gt;{{cite web |url = http://www.osp.stat.gov.lt/en/web/guest/home |title = M3010214 Population at the beginning of the year by administrative territory, place of residence 1996—2013  |archiveurl = https://web.archive.org/web/20131129051930/http://www.osp.stat.gov.lt/en/web/guest/home |archivedate = 2013-11-29 }} // Statistics Lithuania, OSP. Population at the beginning of the month, persons&lt;/ref&gt;. С 1992 происходит [[депопуляция]] страны, причиной которой стала как [[эмиграция]], так и отрицательный [[естественный прирост|естественный прирост населения]].

По состоянию на 2019 год, по оценкам ООН, в Литве проживало 117 218 иммигрантов, или 4,2 % населения страны.&lt;ref&gt;[https://www.un.org/en/development/desa/population/migration/data/estimates2/data/UN_MigrantStockTotal_2019.xlsx]&lt;/ref&gt;

По данным [[Население Литвы#Данные всеобщей переписи 2011 года|всеобщей переписи 2011]], [[литовцы]] составляют 84,16 % населения страны, [[поляки]] — 6,58 %, [[русские]] — 5,81 %, [[белорусы]] — 1,19 %, [[украинцы]] — 0,54 %, [[евреи]] — 0,1 %&lt;ref&gt;{{cite web |url=http://db1.stat.gov.lt/statbank/selectvarval/saveselections.asp?MainTable=M3010215&amp;PLanguage=1&amp;TableStyle=&amp;Buttons=&amp;PXSId=3236&amp;IQY=&amp;TC=&amp;ST=ST&amp;rvar0=&amp;rvar1=&amp;rvar2=&amp;rvar3=&amp;rvar4=&amp;rvar5=&amp;rvar6=&amp;rvar7=&amp;rvar8=&amp;rvar9=&amp;rvar10=&amp;rvar11=&amp;rvar12=&amp;rvar13=&amp;rvar14= |title=Population at the beginning of the year by ethnicity — Database of Indicators — data and statistics |accessdate=2015-07-28 |archiveurl=https://web.archive.org/web/20160101225136/http://db1.stat.gov.lt/statbank/selectvarval/saveselections.asp?MainTable=M3010215&amp;PLanguage=1&amp;TableStyle=&amp;Buttons=&amp;PXSId=3236&amp;IQY=&amp;TC=&amp;ST=ST&amp;rvar0=&amp;rvar1=&amp;rvar2=&amp;rvar3=&amp;rvar4=&amp;rvar5=&amp;rvar6=&amp;rvar7=&amp;rvar8=&amp;rvar9=&amp;rvar10=&amp;rvar11=&amp;rvar12=&amp;rvar13=&amp;rvar14= |archivedate=2016-01-01 |deadlink=yes }}&lt;/ref&gt;. По данным Всемирной организации здравоохранения ([[Всемирная организация здравоохранения|ВОЗ]]), Литва признана самой пьющей страной в Европе и в мире&lt;ref&gt;{{cite web|title=Пьёт — значит любит|url=https://lenta.ru/articles/2017/05/20/pomalenkoy/|accessdate=2017-05-20}}&lt;/ref&gt;&lt;ref&gt;{{cite web|title=Всемирная организация здравоохранения назвала Литву самой пьющей страной мира|url=https://www.interfax.ru/world/562603|website = Interfax.ru|date=2017-05-16|accessdate=2017-05-20|lang=ru}}&lt;/ref&gt;.

В религиозном отношении более 80 % христиане, из которых 77,3 % жителей Литвы — [[Католицизм|католики]], 4,1 % — [[Православие|православные]], 6,1 % — неверующие.

=== Языковая ситуация ===
{{главная|Языки Литвы}}
[[Файл:Etnoregionai ru.png|мини|Этнокультурные исторические регионы Литвы]]
[[Государственный язык|Государственным языком]] Литвы является [[литовский язык]], один из балтийских языков, родной для 84,1 % населения Литвы (около 2,45 млн человек). С [[1 мая]] [[2004 год]]а литовский язык объявлен одним из официальных языков [[Европейский союз|Европейского союза]]. Большая часть [[Славяне|славянского]] ([[Русские|русских]], [[Белорусы|белорусов]] и [[Поляки|поляков]]) и другого нелитовского населения (особенно люди моложе 60 лет) в разной степени владеют литовским языком. Вторым по численности родным языком является [[Русский язык|русский]] (см. [[Русский язык в Литве]]).

Носители [[Древнерусский язык|древнерусского языка]] издавна проживали и численно доминировали на славянских землях [[Великое княжество Литовское|Великого княжества Литовского]]. Впоследствии русскоязычные жители появились в некотором количестве и на этнически литовских землях вследствие эмиграции [[Старообрядчество|старообрядцев]], затем после включения Литвы в состав [[Российская империя|Российской империи]] ([[1795]]).

== Государственный строй ==
{{главная|Государственный строй Литвы}}
Литва — [[парламентская республика]], с характерными чертами [[президентская республика|президентской республики]]. Срок полномочий избираемого всенародно [[Президент Литвы|Президента]] — 5 лет. На данный момент [[Президент Литовской Республики|президентом Литовской Республики]] является избранный в 2019 году [[Науседа, Гитанас|Гитанас Науседа]].

[[Парламент]] республики — однопалатный [[Сейм Литовской Республики]] с 141 местом. Из них 71 депутат избирается по мажоритарной системе в одномандатных округах и остальные 70 — по пропорционально-списочной системе с барьером 5 %. Срок депутатских полномочий — 4 года.

== Правовая система ==
[[Файл:Gedimino 30 a.JPG|thumb|[[Министерство юстиции Литвы]]]]
[[Файл:Lietuvos Auksciausiasis Teismas.JPG|thumb|right|[[Верховный суд Литвы]]]]
[[Файл:Lithuanian Constitutional Court.jpg|thumb|[[Конституционный суд Литвы]]]]
{{главная|Правовая система Литовской Республики}}
Кон­сти­ту­ция при­ня­та на ре­фе­рен­ду­ме 25.10.1992.
Высшая судебная инстанция — Верховный суд, суды апелляционной инстанции — апелляционные инстанции, суды первой инстанции — окружные суды, низшее звено судебной системы — районные суды.
{{TODO}}

== Политическая жизнь ==

=== Партии ===
{{главная|Политические партии Литвы}}
В настоящее время (2016) в Литве зарегистрировано 38 (реально действуют — 23) политических партий.
&lt;!--
 Правые 
* [[Порядок и справедливость]] — националистическая,
* [[Союз Отечества — Литовские христианские демократы]] — консервативная.
 Центристы 
* [[Союз либералов и центра]] — либеральная,
* [[Движение либералов Литовской Республики]] — либеральная,
* [[Партия труда (Литва)|Партия труда]] — социал-либеральная,
* [[Новый союз (социал-либералы)]] — социал-либеральная, влилась в состав ПТ.
 Левоцентристские 
* [[Социал-демократическая партия Литвы]] — социал-демократическая.
 Национал-партикуляристские 
* [[Избирательная акция поляков Литвы]] — польская партикуляристская.
--&gt;

=== Внутренняя политика ===
{{якорь|запрет символики}}
В июне 2008 года [[парламент Литвы]] принял закон, приравнивающий друг к другу [[нацистская символика|нацистскую]] и [[Символика СССР|советскую символику]] и запрещающий её использование в публичных местах: она «''может восприниматься как пропаганда нацистских и коммунистических оккупационных режимов''». Запрещено «''демонстрирование [[флаг]]ов и [[герб]]ов, знаков и униформ [[Третий рейх|нацистской Германии]], [[Союз Советских Социалистических Республик|СССР]], [[Литовская Советская Социалистическая Республика|Литовской ССР]], а также флагов, знамён, гербов, знаков, униформ, составными частями которых являются флаги, гербы нацистской Германии, СССР и Литовской ССР''». Запрещено использование «нацистской [[Свастика|свастики]], советского [[Серп и молот|серпа и молота]], советской пятиконечной [[Красная звезда|красной звезды]], а также исполнение [[гимн]]ов нацистской Германии, СССР и Литовской ССР»&lt;ref&gt;{{cite web|datepublished=2008-06-17|url=https://news.mail.ru/politics/1824669/|title=Литовское правительство запретило использование советской символики, приравняв её к нацистской|format=|website=|publisher=Новости@mail.ru|accessdate=2010-04-25|deadlink=yes|archiveurl=https://web.archive.org/web/20110812131432/http://news.mail.ru/politics/1824669/|archivedate=2011-08-12}}&lt;/ref&gt;.

=== Внешняя политика ===
Литовские солдаты принимали участие в [[Иракская война|Иракской войне]] и до сих пор [[Литовский военный контингент в Афганистане|находятся]] в Афганистане в рамках [[Война в Афганистане (с 2001)|операции НАТО]]&lt;ref&gt;[http://www.nedelia.lt/press/1651-litva-v-afganistane-kampanija-zatjanulas.html Литва в Афганистане: кампания затянулась]&lt;/ref&gt;.

* ''Об отношениях с Россией см. [[Литовско-российские отношения]].''
* ''Об отношениях с Белоруссией см. [[Внешняя политика Белоруссии#Белоруссия и Литва|Белоруссия и Литва]].''
* ''Об отношениях с США см. [[Американо-литовские отношения]].''

== Экономика ==
{{Главная|Экономика Литвы}}
{{Также|Балтийские тигры}}
Средняя начисленная [[зарплата]] в Литве, за исключением индивидуальных предприятий, в третьем квартале 2016 года была € 793,3&lt;ref&gt;[https://ru.delfi.lt/news/economy/rastet-srednyaya-zarplata-v-litve.d?id=72988516 Растёт средняя зарплата в Литве] // RU.DELFI&lt;/ref&gt;.
[[Минимальная зарплата]] с июля 2016 года составляет € 380&lt;ref&gt;[https://ru.delfi.lt/news/politics/premer-litvy-s-iyulya-2016-goda-minimalnaya-zarplata-povysitsya-do-380-evro.d?id=69371288 Премьер Литвы: с июля 2016 года минимальная зарплата повысится до 380 евро] // RU.DELFI&lt;/ref&gt;. С 1 января 2019 года минимальный размер оплаты труда составляет € 555&lt;ref&gt;[https://www.vz.lt/vadyba/personalo-valdymas/2018/09/28/ministerija-mma-kitamet-augs-po-mokesciu-reformos-sieks-555-eur Ministerija: MMA kitąmet augs, po mokesčių reformos sieks 555 Eur — Verslo žinios]&lt;/ref&gt;. По состоянию на третий квартал 2018 год средний размер оплаты труда в Литве составляет € 935. [[Индекс Кейтца]] (отношение МРОТ к средней зарплате) по состоянию на третий квартал 2018 года составил около 43 %.

Средний размер оплаты труда в Литве в четвёртом квартале 2020 года составил € 1524,2.&lt;ref&gt;[https://osp.stat.gov.lt/informaciniai-pranesimai?articleId=8491426]&lt;/ref&gt;

С 1 июля 2017 года, после вступления в силу нового Трудового кодекса, минимальная заработная плата может применяться только к неквалифицированной работе (то есть, которая не подпадает под особые требования к квалификации)&lt;ref&gt;[https://www.lrytas.lt/verslas/rinkos-pulsas/2019/05/08/news/svarbaus-kelio-tiesejai-pasejo-pykti-ir-nezinia-paims-zeme-atims-darba-teks-emigruoti-10250301/ Svarbaus kelio tiesėjai pasėjo pyktį ir nežinią: paims žemę, atims darbą, teks emigruoti&lt;!-- Заголовок добавлен ботом --&gt;]&lt;/ref&gt;.

С 1 января 2020 года минимальный размер оплаты труда составил € 607, почасовая ставка — € 3,72&lt;ref name=&quot;ММЗ-1&quot;&gt;{{cite web |url = https://www.grokiskis.lt/aktualijos/vyriausybe-pritare-mma-kelti-iki-607-euru |deadlink = no |website = |date = 2019-07-03 |lang = lt |author = |title = Vyriausybė pritarė MMA kelti iki 607 eurų |accessdate = 2019-12-04 }}&lt;/ref&gt;. Индекс Кейтца в 2020 году составляет 44 %. Минимальное пособие по безработице — 141 евро&lt;ref name=&quot;ММЗ-1&quot;/&gt;.

С 1 января 2021 года минимальный размер оплаты труда составил € 642, почасовая ставка — € 3,93.&lt;ref name=&quot;автоссылка2&quot;&gt;[https://www.vz.lt/verslo-aplinka/2020/10/14/vyriausybe-padidino-minimalia-menesio-alga Vyriausybė padidino minimalią mėnesio algą — Verslo žinios&lt;!-- Заголовок добавлен ботом --&gt;]&lt;/ref&gt; Индекс Кейтца в 2021 году по прогнозам составит 48,1 % (в [[Европейский союз|ЕС]] колеблется от 45 % до 51 %).&lt;ref name=&quot;автоссылка2&quot; /&gt;

'''Преимущества''': успешно перешла к стабильной [[Рыночная экономика|рыночной экономике]]. Низкая [[инфляция]] (2,26 %)&lt;ref name=&quot;IMFWEOLT&quot;&gt;{{cite web |url=https://www.imf.org/external/pubs/ft/weo/2019/01/weodata/weorept.aspx?pr.x=37&amp;pr.y=5&amp;sy=2016&amp;ey=2021&amp;scsm=1&amp;ssd=1&amp;sort=country&amp;ds=.&amp;br=1&amp;c=946&amp;s=NGDP_RPCH%2CNGDPD%2CPPPGDP%2CNGDPDPC%2CPPPPC%2CPCPIPCH&amp;grp=0&amp;a= |title=World Economic Outlook Database, April 2019 |publisher=[[International Monetary Fund]] |website=IMF.org |accessdate = 2019-05-25}}&lt;/ref&gt;. Национальная валюта — [[евро]]. Страна член единого рынка [[ЕС]]. Относительно высокие темпы экономического роста (выше среднего по ЕС), и низкий государственный долг (ниже среднего по ЕС). Ещё относительно дешёвая, и хорошо образованная, в сравнении со странами ЕС, рабочая сила. В условиях резкого падения уровня безработицы и усиления дефицита рабочей силы, рост заработной платы по состоянию на 2019 год не сдерживается замедлением темпов экономического роста.

'''Слабые стороны''': &lt;!-- Экспорт зависит от предрасположенности России. --&gt; Скудная сырьевая база. Самая большая проблема (как и в других странах новых членов ЕС), увеличивающийся с каждым годом дефицит трудоспособной рабочей силы и рост количества пенсионеров, из-за низкой рождаемости и высокой эмиграцией населения в другие, более богатые, страны ЕС, что в свою очередь заставляет работодателей больше платить своим работникам, тем самым искусственно повышая зарплаты, что приводит к дисбалансу между производительностью и размером заработной платы.

[[Файл:BlueEurozone.svg|thumb|Литва является частью [[Еврозона|еврозоны]] (тёмно-синий) и [[Европейский единый рынок|единого рынка ЕС]]]]

В Литве открытая и [[смешанная экономика]], которую [[Всемирный банк]] классифицирует как [[Страна с высоким уровнем доходов|экономику с высоким уровнем дохода]]&lt;ref&gt;{{cite web|url=https://datahelpdesk.worldbank.org/knowledgebase/articles/906519 |archiveurl = https://web.archive.org/web/20180111190936/https://datahelpdesk.worldbank.org/knowledgebase/articles/906519 |archivedate = 2018-01-11 |title=World Bank Country and Lending Groups – World Bank Data Help Desk |date=2018-01-11 |website=Datahelpdesk.worldbank.org }}&lt;/ref&gt;. Согласно данным за 2016 год, 3 крупнейших сектора экономики Литвы — это сфера услуг (68,3 %), промышленность (28,5 %) и сельское хозяйство (3,3 %)&lt;ref&gt;{{cite web|url=https://www.cia.gov/library/publications/the-world-factbook/geos/lh.html|title=GDP – composition, by sector of origin|accessdate=2018-03-19}}&lt;/ref&gt;. В [[Индекс глобальной конкурентоспособности|индексе глобальной конкурентоспособности]] [[Всемирный экономический форум|Всемирного экономического форума]] Литва занимает 41-е место (из 137 стран).

Литва вступила в [[НАТО]] и в [[ЕС]] в 2004 году&lt;ref&gt;{{cite web|url=https://www.nato.int/invitees2004/lithuania/chronology.htm |archiveurl = https://web.archive.org/web/20180111192030/https://www.nato.int/invitees2004/lithuania/chronology.htm |archivedate = 2018-01-11 |title=7 Invitees – Lithuania |date=2018-01-11 |website=Nato.int }}&lt;/ref&gt;&lt;ref&gt;{{cite web|url=https://europa.eu/european-union/about-eu/countries/member-countries_en |archiveurl = https://web.archive.org/web/20180111191856/https://europa.eu/european-union/about-eu/countries/member-countries_en |archivedate = 2018-01-11 |title=EUROPA – EU member countries in brief – European Union |date=2018-01-11 |website=Europa.eu }}&lt;/ref&gt;, в [[Шенгенская зона|Шенген]] в 2007 году&lt;ref&gt;{{cite web|url=https://il.mfa.lt/il/en/travel-and-residence/coming-to-lithuania/lithuania-in-the-schengen-area |archiveurl = https://web.archive.org/web/20180111191923/https://il.mfa.lt/il/en/travel-and-residence/coming-to-lithuania/lithuania-in-the-schengen-area |archivedate = 2018-01-11 |title=Lithuania in the Schengen area – Coming to Lithuania – Travel and Residence – Ministry of Foreign Affairs |date=2018-01-11 }}&lt;/ref&gt; и в [[ОЭСР]] в 2018 году&lt;ref&gt;{{cite web |url = http://www.oecd.org/countries/lithuania/lithuania-accession-to-the-oecd.htm |deadlink = no |website = |date = |lang = |author = |title = {title} |accessdate = }}&lt;/ref&gt;.

1 января 2015 года [[евро]] стало национальной валютой, заменив лит по курсу € 1 = 3,4528&lt;ref name=&quot;iso4217news2014&quot;&gt;{{cite web | url=https://www.currency-iso.org/dam/downloads/dl_currency_iso_amendment_159.docx | title=ISO Currency – ISO 4217 Amendment Number 159 | publisher=SIX Interbank Clearing |website = Currency Code Services – ISO 4217 Maintenance Agency | date=2014-08-15}}&lt;/ref&gt;.

Сельскохозяйственные товары и продукты питания составили 18,3 % экспорта, химические продукты и пластмассы — 17,8 %, машины и оборудование — 15,8 %, минеральные продукты — 14,7 %, древесина и мебель — 12,5 %&lt;ref&gt;{{cite web|url=https://www.enterpriselithuania.com/en/lithuanian-export-map/2017-2/|title=Lithuanian export map|website=Enterpriselithuania.com|accessdate=2018-04-07}}&lt;/ref&gt;. По данным 2017 года, более половины всего литовского экспорта приходится на 7 стран, включая Россию (15 %), Латвию (9,9 %), Польшу (8,1 %), Германию (7,3 %), США (5,3 %), Эстонию (5 %) и Швецию (4,8 %)&lt;ref name=&quot;CIA World Factbook Lithuania&quot;&gt;{{cite web |url=https://www.cia.gov/library/publications/the-world-factbook/geos/lh.html |title=CIA World Factbook|publisher=[[Central Intelligence Agency]] |date=2017 |website=CIA.gov |accessdate = 2019-01-07}}&lt;/ref&gt;. В 2016 году экспорт составил 74 % ВВП Литвы&lt;ref&gt;{{cite web|url=https://wits.worldbank.org/CountryProfile/en/country/LTU/startyear/LTST/endyear/LTST/indicator/NE-EXP-GNFS-ZS|title=Lithuania Exports of goods and services % of GDP 1988–2016 |accessdate=2018-03-28}}&lt;/ref&gt;.

ВВП Литвы испытывал очень высокие темпы роста в течение десятилетия до 2009 года, достигнув пика в 11,1 % в 2007 году. В результате страну часто называли [[Балтийские тигры|балтийским тигром]]. Тем не менее, в 2009 году из-за глобального финансового кризиса, ВВП сократился на 14,9 %, а уровень безработицы достиг 17,8 % в 2010 году&lt;ref&gt;{{cite web |url=https://www.seb.lt/sites/default/files/web/document/lietuvos_ekonomikos_apzvalga_LMR/lmr58_0.pdf |title=Lithuanian Macroeconomic Review No 58 | publisher=SEB | date=2014-12 | accessdate=2015-05-22}}&lt;/ref&gt;&lt;ref&gt;{{cite web |url=https://www.seb.lt/documents/660/662 |title= &quot;Lietuvos makroekonomikos apžvalga&quot; nr. 62 | publisher=SEB | date=2014-04 | accessdate=2016-09-07}}&lt;/ref&gt;. После спада 2009 года ежегодный экономический рост в Литве был намного медленнее по сравнению с данными до 2009 года. По данным [[МВФ]], финансовые условия способствуют росту, а показатели финансовой устойчивости остаются сильными. Государственного долга в 2016 году снизился до 40 % по сравнению с 42,7 % в 2015 году (до мирового финансового кризиса — 15 % ВВП в 2008 году)&lt;ref&gt;{{cite web |url=https://www.imf.org/~/media/Files/Publications/CR/2017/cr17177.ashx |title= REPUBLIC OF LITHUANIA. 2017 ARTICLE IV CONSULTATION—PRESS RELEASE AND STAFF REPORT | publisher=IMF | format=PDF | pages=4 | accessdate=2018-03-28}}&lt;/ref&gt;.

Литва занимает 14-е место в мире по [[Рейтинг лёгкости ведения бизнеса|индексу лёгкости ведения бизнеса]], подготовленному [[Группа Всемирного банка|Группой Всемирного банка]], и 19-е место из 178 стран по [[Индекс экономической свободы|индексу экономической свободы]], измеряемому [[Фонд «Наследие»|фондом «Наследие»]]&lt;ref&gt;{{cite web |url=https://www.doingbusiness.org/economyrankings/ |title=Rankings – Doing Business – The World Bank Group |publisher=Doing Business |date= |accessdate=2015-05-20 |archiveurl=https://web.archive.org/web/20080915084658/http://www.doingbusiness.org/economyrankings/ |archivedate=2008-09-15 }}&lt;/ref&gt;&lt;ref name=&quot;heritage1&quot;&gt;{{cite web |url=https://www.heritage.org/index/Country/Lithuania |title=Lithuania information on economic freedom &amp;#124; Facts, data, analysis, charts and more |publisher=Heritage Foundation |date= |accessdate=2015-05-20 |archiveurl=https://web.archive.org/web/20150524082051/http://www.heritage.org/index/country/lithuania |archivedate=2015-05-24 }}&lt;/ref&gt;. В среднем более 95 % всех [[Прямые иностранные инвестиции|прямых иностранных инвестиций]] в Литву приходится на страны Европейского союза. Исторически Швеция является крупнейшим инвестором с 20—30 % всех ПИИ в Литве&lt;ref&gt;{{cite web |url=https://www.lb.lt/lt/tiesiogines-uzsienio-investicijos-lietuvoje-pagal-sali-1 |archiveurl = https://web.archive.org/web/20180109194528/https://www.lb.lt/lt/tiesiogines-uzsienio-investicijos-lietuvoje-pagal-sali-1 |archivedate = 2018-01-09 |title=Tiesioginės užsienio investicijos Lietuvoje pagal šalį - Lietuvos bankas |date=2018-01-09 |publisher= |accessdate=2019-08-11 |deadlink=yes }}&lt;/ref&gt;. ПИИ в Литву выросли в 2017 году, достигнув самого высокого из когда-либо зарегистрированных инвестиционных проектов. В 2017 году Литва была третьей страной, после [[Ирландия|Ирландии]] и [[Сингапур]]а по средней стоимости работы инвестиционных проектов&lt;ref&gt;{{cite web |author=Jacob Dencik |coauthors=Roel Spee |title=Global Location Trends - 2018 Annual Report: Getting ready for Globalization 4.0 |url=https://public.dhe.ibm.com/common/ssi/ecm/93/en/93017793usen/93017793usen-00_93017793USEN.pdf |publisher=IBM Institute for Business Value |pages=7 |format=PDF |date=2018-07 |quote=Ireland continues to lead the world for attracting high-value investment, generating substantial inward investment with strengths in key high-value sectors such as ICT, financial and business services and life sciences. But Singapore is now a close second, with Lithuania and Switzerland right behind. |accessdate=2019-08-11 |archiveurl=https://web.archive.org/web/20190410223308/https://public.dhe.ibm.com/common/ssi/ecm/93/en/93017793usen/93017793usen-00_93017793USEN.pdf |archivedate=2019-04-10 |deadlink=yes }}&lt;/ref&gt;. На основании данных Евростата, в 2017 году стоимость литовского экспорта была отмечена наиболее быстрым ростом не только в странах Балтии, но и во всей Европе, что составило 16,9 %&lt;ref&gt;{{cite web |title=Lithuanian exports which grew most across Europe last year will beat value records this year |url=https://www.verslilietuva.lt/en/news/lithuanian-exports-grew-across-europe-last-year-will-beat-value-records-year/ |website=www.verslilietuva.lt |accessdate=2018-11-24}}&lt;/ref&gt;.

[[Файл:Exports-2016-Lithuania.png|thumb|Графическое изображение экспорта Литвы (2016)&lt;ref&gt;{{cite web|url=https://atlas.media.mit.edu/en/visualize/tree_map/hs92/export/ltu/all/show/2016/|title=Lithuania 2016, export structure|website=Atlas.media.mit.edu|accessdate=2018-03-19}}&lt;/ref&gt;]]

В Литве [[Пропорциональное налогообложение|плоская шкала налогообложения]]. По данным Евростата, ставки подоходного налога с физических лиц (15 %) и корпоративного налога (15 %) в Литве являются одними из самых низких в ЕС&lt;ref name=&quot;epp.eurostat.ec.europa.eu&quot;&gt;{{cite web | url=https://ec.europa.eu/taxation_customs/resources/documents/taxation/gen_info/economic_analysis/tax_structures/2014/report.pdf | title=Taxation trends in the European Union | publisher=Eurostat | date=2014 | accessdate=2015-05-22 | archiveurl=https://web.archive.org/web/20150509130331/http://ec.europa.eu/taxation_customs/resources/documents/taxation/gen_info/economic_analysis/tax_structures/2014/report.pdf | archivedate=2015-05-09 }}&lt;/ref&gt;. В стране самая низкая неявная ставка налога на капитал (9,8 %) в ЕС. Ставка корпоративного налога в Литве составляет 15 % и 5 % для малого бизнеса. В Литве действуют 7 свободных экономических зон&lt;ref&gt;{{cite web|title=Pramoniniai parkai ir LEZ|url=https://ukmin.lrv.lt/lt/veiklos-sritys/investiciju-veiklos-sritis/pramoniniai-parkai-ir-lez|website=ukmin.lrv.lt|accessdate=2018-04-24|archiveurl=https://web.archive.org/web/20180424071555/https://ukmin.lrv.lt/lt/veiklos-sritys/investiciju-veiklos-sritis/pramoniniai-parkai-ir-lez|archivedate=2018-04-24|deadlink=yes}}&lt;/ref&gt;.

Производство информационных технологий в стране растёт, достигнув € 1,9 млрд в 2016 году&lt;ref&gt;{{книга |заглавие=Informacinės technologijos Lietuvoje |издательство=Lietuvos statistikos departamentas |место=Vilnius |страницы=8 |ссылка=https://ivpk.lrv.lt/uploads/ivpk/documents/files/Naujienos/IT%20Lietuvoje%202017.pdf |автор=Samuolis, Gediminas |год=2017 }}&lt;/ref&gt;. Только в 2017 году 35 [[Финтех]] компаний прибыли в Литву&lt;ref&gt;{{cite web|title=Lithuania Registered 35 New Fintech Companies in 2017|url=https://www.crowdfundinsider.com/2018/02/128160-lithuania-registered-35-new-fintech-companies-2017|website=crowdfundinsider.com|accessdate=2018-03-18}}&lt;/ref&gt;, в результате правительство Литвы и Банк Литвы упростили процедуры получения лицензий на деятельность электронных денег и платёжных учреждений&lt;ref name=&quot;finmin.lrv.lt&quot;/&gt;. Первый в Европе международный блокчейн-центр был открыт в Вильнюсе в 2018 году&lt;ref&gt;{{cite web |author=Irene Kostaki |title=Lithuania debuts as EU gateway for global blockchain industry |url=https://www.neweurope.eu/article/lithuania-debuts-eu-gateway-global-blockchain-industry/ |website=neweurope.eu |quote=The Lithuanian capital Vilnius launched Europe’s first international Blockchain Centre on January 27, making it the EU’s only hub for the digital ledger. The new hub will help Europe connect with partner Blockchain Centres in Australia, China, Canada, the UK, Belgium, Denmark, Georgia, Gibraltar, Ukraine, Israel, and Latvia.|accessdate=2018-07-14}}&lt;/ref&gt;. Правительство Литвы также стремится привлечь финансовые учреждения, которые ищут новое место после [[Brexit]]&lt;ref&gt;{{cite web |title=Vilnius Aims To Attract Companies Scared Of Brexit |url=https://www.forbes.com/sites/laura-inamedinova/2016/07/05/vilnius-aims-to-attract-companies-scared-of-brexit/#2e85721c3d9a |website=forbes.com |accessdate=2018-12-11}}&lt;/ref&gt;&lt;ref&gt;{{cite web |title=Brexit a boon for Lithuania's 'fintech' drive |url=https://www.businesstimes.com.sg/government-economy/brexit-a-boon-for-lithuanias-fintech-drive |website=businesstimes.com.sg |accessdate=2018-12-11}}&lt;/ref&gt;. Литва выдала в общей сложности 39 лицензий на электронные деньги, уступая в ЕС только Великобритании со 128 лицензиями. В 2018 году [[Google (компания)|компания Google]] создал платёжную компанию в Литве&lt;ref&gt;[https://ru.delfi.lt/news/economy/google-i-revolut-v-litve-uchrezhdayut-platezhnye-kompanii.d?id=79428289 Google и Revolut в Литве учреждают платёжные компании]&lt;/ref&gt;.

=== Промышленность ===
{{В планах}}

== Транспорт ==
{{Главная|Транспорт в Литве}}

; Автомобильный
В 2019 году общая протяжённость автомагистралей в Литве составляет 365,83 км. Максимально допустимая скорость составляет 130 км/ч (летом) и 110 км/ч (зимой). Литва — единственное государство Балтии, где есть автомагистрали. Литва в 2018 году заняла 37-е место в мире по качеству дорог в рейтинге [[Индекс глобальной конкурентоспособности|Индекса глобальной конкурентоспособности]], ежегодно составляемом экспертами [[Всемирный экономический форум|Всемирного экономического форума]]. Самое высокое место в странах Балтии&lt;ref&gt;{{cite web |url = http://reports.weforum.org/global-competitiveness-index-2017-2018/competitiveness-rankings/#series=EOSQ057 |deadlink = no |website = |date = |lang = |author = |title = {title} |accessdate = }}&lt;/ref&gt;. К 2022 году планируется реконструкция оставшегося 40,23 км участка автомагистрали А5 (между [[Мариямполе]] и границы с Польшей) до стандартов автомагистрали и соединение её с Польской автомагистралью S61&lt;ref&gt;{{cite web |url = https://www.vz.lt/transportas-logistika/2018/11/27/atidaromas-via-baltica-automagistrales-ruozas |deadlink = no |website = |date = |lang = |author = |title = {title} |accessdate = }}&lt;/ref&gt;.

; Участки автомагистралей
* [[Автодорога A1 (Литва)|A1]] — 195 км участок автомагистрали (между [[Каунас]]ом и [[Клайпеда|Клайпедой]])
* A2 — 114 км участок автомагистрали (между [[Вильнюс]]ом и [[Паневежис]]ом)
* A5 — 56,83 км участок автомагистрали (между [[Мариямполе]] и [[Каунас]]ом)

; Железнодорожный
Литовские [[Железнодорожный транспорт|железные дороги]], как и в других странах бывшего СССР, имеют [[Русская колея|широкую колею]] (1520 мм против 1435 мм в Западной Европе).

6 февраля 2003 года начато регулярное движение поезда комбинированного транспорта «[[Викинг (поезд комбинированного транспорта)|Викинг]]».

«Викинг» — совместный проект железных дорог Литвы, Украины и Белоруссии, [[стивидор]]ных компаний и портов [[Клайпеда]], [[Черноморск (город)|Черноморск]] и [[Одесса]], соединяющий цепь морских [[Контейнерные перевозки|контейнерных]] и [[контрейлер]]ных линий Балтийского региона с аналогичной системой Чёрного, Средиземного и Каспийского морей.

Строится литовский участок [[Панъевропейский транспортный коридор|панъевропейской]] дороги [[Rail Baltica]].

; Авиационный
* [[Вильнюсский международный аэропорт]];
* [[Паланга (аэропорт)|Международный аэропорт Паланги]];
* [[Каунас (аэропорт)|Каунасский международный аэропорт]];
* [[Шяуляйский международный аэропорт]].

; Морской
[[Клайпедский порт]] — крупнейший порт Литвы, связанный паромами с большинством важных городов побережья Балтийского моря.

== Наука ==
{{Кратное изображение
 |зона           = right
 |направление    = horizontal
 |заголовок      = 
 |зона_заголовка = left/right/center
 |фон_заголовка  = 
 |подпись        = Литовский [[Литовское дворянство|дворянин]], военный инженер и теоретик артиллерии [[Семенович, Казимир|Казимиерас Симонавичюс]] считается изобретателем [[Многоступенчатая ракета|многоступенчатой ракеты]].
 |зона_подписи   = left/right/center
 |фон_подписи    = 
 |ширина         = 
 |изобр1         = Siemenowicz rocket.png
 |ширина1        = 40
 |время1         = 
 |подпись1       = 
 |изобр2         = Skylab-73-HC-440HR.jpg
 |ширина2        = 160
 |время2         = 
 |подпись2       = 
}}

Основание [[Вильнюсский университет|Вильнюсского университета]] в 1579 году явилось основным фактором создания местного сообщества учёных в Литве и установления связей с другими университетами и учёными Европы. [[Форстер, Георг|Г. Форстер]], [[Жилибер, Жан Эммануэль|Ж. Жилибер]], [[Франк, Иоганн Петер|И. Франк]] и многие другие приглашённые учёные работали в Вильнюсском университете. Литовский [[Литовское дворянство|дворянин]], военный инженер и теоретик артиллерии [[Великое княжество Литовское|Великого княжества Литовского]] [[Семенович, Казимир|К. Симонавичюс]] считается пионером [[Ракета|ракетостроения]], который написал на латыни и опубликовал в 1650 году книгу ''Artis Magnae Artilleriae'' ({{tr|lt|Великое искусство артиллерии}}), которая на протяжении более двух столетий использовалось в Европе в качестве основного руководства по [[Артиллерия|артиллерии]]. В книги были представлены стандартные конструкции ракет, зажигательных снарядов и других пиротехнических приспособлений. Тут впервые была представлена идея использования реактивного движения в артиллерии. Большой раздел посвящён калибрам, конструкции, строению и качествам ракет (как военных, так и гражданских), в том числе, [[Многоступенчатая ракета|многоступенчатых ракет]], [[Батарея (формирование)|ракетных батарей]] и ракет со стабилизаторами дельта-крыла&lt;ref&gt;{{книга |страницы=44 |заглавие=Astronautics |издательство={{Нп3|Wiley-VCH}} |год=2008 |isbn=978-3-527-40685-2 |автор=Ulrich Walter }}&lt;/ref&gt;&lt;ref&gt;{{cite web|title=Kazimieras Simonavičius|url=http://www.ksu.lt/en/kazimieras-simonavicius-2/|website=[[Kazimieras Simonavičius University]]|accessdate=2018-02-05}}&lt;/ref&gt;. Ботаник Юргис Пабрежа (1771—1849) создал первое систематическое руководство по литовской флоре ''Taislius auguminis'' (''Ботаника''), написанное на жемайтийском диалекте, латинско-литовский словарь названий растений, первый литовский учебник географии.

В межвоенный период появились обществоведы, такие как [[Сеземан, Василий Эмильевич|В. Сеземанас]], Левас Карсавинас, [[Рёмер, Михал Пиус|М. Рёмерис]]. Из-за мировых войн литовская наука и учёные сильно пострадали от оккупантов, однако некоторые из них достигли мировой известности. В частности, [[Густайтис, Антанас|А. Густайтис]], {{нп5|Витаутас Грайчюнас||en|Vytautas Andrius Graičiūnas}}, [[Гимбутас, Мария|М. Гимбутас]], [[Галдикас, Бируте|Б. Гальдикас]], А. Я. Клиоре, [[Греймас, Альгирдас Жюльен|А. Греймас]], {{нп5|Балтрушайтис, Юргис (младший)|Юргис Балтрушайтис|en|Jurgis Baltrušaitis (son)}}, Альгирдас Антанас Авиженис&lt;ref&gt;{{cite web|title=Lietuvos kronika 1993 – 16 (1674) Marija Alseikaitė – Gimbutienė|url=https://www.lrt.lt/mediateka/irasas/31010/lietuvos-kronika-1993-16-1674-marija-alseikaite-gimbutiene|website=LRT|accessdate=2018-03-29|lang = lt}}&lt;/ref&gt;&lt;ref&gt;{{cite web|author=Šarūnas Bulota |title=Garsiausia pasaulio orangutanų tyrinėtoja Birutė Galdikas: &quot;Lietuvių kultūra – mano kraujyje&quot;|url=https://www.15min.lt/naujiena/gyvunu-klubas/ivykiai/garsiausia-pasaulio-orangutanu-tyrinetoja-birute-galdikas-lietuviu-kultura-mano-kraujyje-172-331747|website=15min.lt|accessdate=2013-05-02}}&lt;/ref&gt;&lt;ref&gt;{{cite web|title=Arvydas Kliorė|url=http://www.yrasalis.lt/desimt/inzinieriai/dr-arvydas-kliore/|website=yrasalis.lt|accessdate=2018-02-15|lang = lt}}&lt;/ref&gt;&lt;ref&gt;{{cite web|title=Biografija – A. J. Greimas|url=http://www.greimas.eu/biografija/|website=greimas.eu|accessdate=2018-02-15|lang = lt}}&lt;/ref&gt;&lt;ref&gt;{{cite web|title=STAR (Self-Testing And Repairing) computer|url=https://www.daviddarling.info/encyclopedia/S/STAR.html|website=Daviddarling.info|accessdate=2018-03-19}}&lt;/ref&gt;. [[Кубилюс, Йонас|Й. Кубилюс]], ректор Вильнюсского университета (1958—1991) известен работами в {{нп5|вероятностной теории чисел||en|Probabilistic number theory}}, {{нп5|модель Кубилюса||en|Kubilius model}}, и {{нп5|неравенство Турана – Кубилюса||en|Turán–Kubilius inequality}} носят его имя. Йонас Кубилюс успешно противостоял попыткам русифицировать Вильнюсский университет&lt;ref&gt;{{статья |заглавие=Iš Vilniaus universiteto istorijos, 1955–1990 |страницы=1—2 |ссылка=http://www.draugas.org/archive/1994_reg/1994-11-05-PRIEDAS-DRAUGAS-i5-8.pdf |число=5 |месяц=11 |год=1995 }}&lt;/ref&gt;.

В настоящее время Литва входит в группу стран умеренных инноваторов в [[Международный инновационный индекс|Международном инновационном индексе]], и в [[Европейская комиссия|Европейском рейтинге инноваций]] занимает 15-е место среди стран ЕС&lt;ref&gt;{{книга |заглавие=Lietuvos ekonomikos ilgalaikio konkurencingumo iššūkiai |издательство=Lietuvos mokslo taryba |страницы=18 |ссылка=https://www.lmt.lt/data/public/uploads/2016/09/ekonomikos-moksliniu-tyrimu-programos-rekomendacijos.pdf |язык=lt |год=2015}}&lt;/ref&gt;&lt;ref&gt;{{cite web|url=https://ec.europa.eu/growth/industry/innovation/facts-figures/scoreboards_lt |website= ec.europa.eu |title= European Innovation Scoreboard |accessdate= 2018-03-31}}&lt;/ref&gt;. [[Лазер]]ы и [[Биотехнология|биотехнологии]] являются ведущими областями литовской науки и индустрии высоких технологий&lt;ref&gt;{{cite web |url= https://ec.europa.eu/digital-single-market/en/news/lithuania-leading-light-laser-technology |archiveurl = https://web.archive.org/web/20180110175105/https://ec.europa.eu/digital-single-market/en/news/lithuania-leading-light-laser-technology |archivedate = 2018-01-10 |title=Lithuania, a leading light in laser technology – Digital Single Market |date=2018-01-10 }}&lt;/ref&gt;&lt;ref&gt;{{cite web|title=Daugiausiai inovacijų lietuviai sukūrė gyvybės mokslų srityje|url=https://www.delfi.lt/partnerio-turinys/lietuvos-amziaus-inovacijos/daugiausiai-inovaciju-lietuviai-sukure-gyvybes-mokslu-srityje.d?id=75754757|website=[[DELFI]]|accessdate=2017-09-14}}&lt;/ref&gt;. Литовская «Šviesos konversija» (Light Conversion) разработала фемтосекундную лазерную систему, которая имеет 80 % рынка по всему миру, и используется в исследованиях ДНК, офтальмологических операциях, нанотехнологической промышленности и науке&lt;ref&gt;{{cite web|title=Light Conversion – About Us|url=http://lightcon.com/about-us.html|website=lightcon.com|accessdate=2018-02-05}}&lt;/ref&gt;&lt;ref&gt;{{cite web|title=Įgyvendinta svajonė sukėlė perversmą pasaulinėje lazerių rinkoje|url=https://www.delfi.lt/partnerio-turinys/lietuvos-amziaus-inovacijos/igyvendinta-svajone-sukele-perversma-pasaulineje-lazeriu-rinkoje.d?id=75532853|website=[[DELFI]]|accessdate=2017-08-25}}&lt;/ref&gt;. Центр лазерных исследований Вильнюсского университета разработал один из самых мощных в мире фемтосекундных лазеров, предназначенных главным образом для лечения онкологических заболеваний&lt;ref&gt;{{cite web|title=Lietuviai sukūrė vieną galingiausių lazerių pasaulyje|url=https://www.delfi.lt/partnerio-turinys/lietuvos-amziaus-inovacijos/lietuviai-sukure-viena-galingiausiu-lazeriu-pasaulyje.d?id=75607431|website=[[DELFI]]|accessdate=2017-08-31}}&lt;/ref&gt;. В 1963 году {{нп5|Витаутас Стражис||en|Vytautas Straižys}} и его сотрудники создали {{нп5|вильнюсскую фотометрическую систему||en|Vilnius photometric system}}, которая используется в [[Астрономия|астрономии]]&lt;ref&gt;{{cite web|title=Vilniaus astrofotometrinė sistema|url=http://astronomija.lt/enciklopedija/index.php/Vilniaus_astrofotometrin%C4%97_sistema|website=astronomija.lt|accessdate=2018-02-04|lang = lt|archiveurl=https://web.archive.org/web/20180205072446/http://astronomija.lt/enciklopedija/index.php/Vilniaus_astrofotometrin%C4%97_sistema|archivedate=2018-02-05|deadlink=yes}}&lt;/ref&gt;. Учёный из [[Каунасский технологический университет|КТУ]] А. Рагаускас разработали неинвазивные устройства для измерения внутричерепного давления и кровотока&lt;ref&gt;{{cite web|url=https://m.epo.org/european-inventor/finalists/2016/ragauskas.html|website=m.epo.org/|title=Finalist for the European Inventor Award 2016|accessdate=2018-04-07}}&lt;/ref&gt;. К. Пирагас внёс свой вклад в {{нп5|контроль хаоса||en|Control of chaos}} своим способом управления с обратной связью — {{нп5|методом Пирага||en|Pyragas method}}. Лауреат [[Премия Кавли|премии Кавли]] [[Шикшнис, Виргиниюс|В. Шикшнис]] известен своими открытиями в области [[CRISPR]] — изобретением CRISPR-[[Cas9]]&lt;ref&gt;{{cite web|url= https://www.wired.com/2015/10/battle-genome-editing-gets-science-wrong/|author=Sarah Zhang|date=2015-04-10|website=Wired.com|title=The Battle Over Genome Editing Gets Science All Wrong|accessdate=2018-04-17}}&lt;/ref&gt;&lt;ref&gt;{{cite web|url=https://www.nature.com/articles/d41586-018-05308-5|author=Giorgia Guglielmi|date=2015-05-31|website=Nature.com|title=Million-dollar Kavli prize recognizes scientist scooped on CRISPR|accessdate=2018-06-01}}&lt;/ref&gt;.

Литва сотрудничает с [[Европейское космическое агентство|Европейским космическим агентством]] (ЕКА)&lt;ref&gt;{{cite web|title=First Baltic Space Activities Roundtable|url=https://www.eas.ee/images/doc/ettevotjale/innovatsioon/kosmos/roundtable1/baltic_roundtable_vidmantas_tomkus.pdf|accessdate=2018-04-12}}&lt;/ref&gt;&lt;ref&gt;{{cite web|title=Lithuania becomes eighth ESA Cooperating State|url=https://www.esa.int/About_Us/Welcome_to_ESA/Lithuania_becomes_eighth_ESA_European_Cooperating_State|website=Esa.int|accessdate=2018-04-12}}&lt;/ref&gt;; при помощи [[Ракета-носитель|ракет]] ЕКА и НАСА в космос были выведены 4 литовских [[Малые спутники|наноспутник]]а: {{нп5|LitSat-1||en|}} (2014), [[LituanicaSAT-1]] (2014), {{нп5|LituanicaSAT-2||en|}}&lt;ref&gt;{{cite web|author=Adomas Rutkauskas |title=Į kosmosą pakilo trečiasis Lietuvos palydovas|url=https://it.lrytas.lt/laboratorija/2017/06/23/news/i-kosmosa-kyla-treciasis-lietuvos-palydovas-1755953/|website=[[lrytas.lt]]|accessdate=2017-06-23|lang = lt}}&lt;/ref&gt; и Charlie (2021)&lt;ref&gt;[https://lt.sputniknews.ru/Lithuania/20210126/14295572/Sozdannyy-v-Litve-nanosputnik-zapustili-vmeste-so-SpaceX.html Созданный в Литве наноспутник запустили вместе со SpaceX] // 26.01.2021&lt;/ref&gt;. &lt;br&gt;
[[Литовский этнокосмологический музей]] и [[Молетская астрономическая обсерватория]] находятся в {{нп5|Кулионисе||en|Kuliony}}&lt;ref&gt;{{cite web|title=Lithuanian Museum of Ethnocosmology|url=http://www.etnokosmomuziejus.lt/en/|accessdate=2018-02-04}}&lt;/ref&gt;. 15 научно-исследовательских учреждений являются членами {{нп5|Литовской космической ассоциации||en|Lithuanian Space Association}}.&lt;br&gt;
[[Станкявичюс, Римантас Антанас|Р. Станкявичюс]] — единственный этнически литовский [[космонавт]]&lt;ref&gt;{{cite web|title=Vienintelis Lietuvos kosmonautas R.Stankevičius tėvynės neiškeitė į vietą raketoje|url=https://www.delfi.lt/video/mokslas-ir-gamta/vienintelis-lietuvos-kosmonautas-rstankevicius-tevynes-neiskeite-i-vieta-raketoje.d?id=62705647#o8TgpziG|website=DELFI|accessdate=2011-04-12}}&lt;/ref&gt;. Литва в 2018 году стала ассоциированным государством-членом [[ЦЕРН]]&lt;ref&gt;{{cite web|title=Lithuania becomes Associate Member State of CERN|url=https://home.cern/about/updates/2018/01/lithuania-becomes-associate-member-state-cern|website=home.cern|accessdate=2018-03-18}}&lt;/ref&gt;. В Литве будут размещены 2 инкубатора ЦЕРН в Вильнюсе и Каунасе&lt;ref&gt;{{cite web |title=Davos: Final decision on CERN business incubation centers in Lithuania |url=https://mission-geneva.mfa.lt/mission-geneva/en/news/davos-final-decision-on-cern-business-incubation-centers-in-lithuania |accessdate=2019-04-14}}&lt;/ref&gt;.

Самые современные научные исследования в Литве проводятся в Центре наук о жизни и Центре физических наук и технологий&lt;ref&gt;{{cite web|title=Life Sciences Center. Lithuania|url=http://www.gmc.vu.lt/en/|website=Gmc.vu.lt|accessdate=2018-04-12}}&lt;/ref&gt;&lt;ref&gt;{{cite web|title=Center For Physical Sciences and Technology. Lithuania|url=https://www.ftmc.lt/en|website=Ftmc.lt|accessdate=2018-04-12}}&lt;/ref&gt;.

По подсчётам 2016 года, ежегодный рост сектора биотехнологий и биологических наук в Литве за последние 5 лет составил 22 %. 16 литовских учреждений, 15 научно-исследовательских центров (научные парки и инновационные долины) и более 370 производителей работают в литовской биотехнологической отрасли&lt;ref&gt;{{cite web|url=https://www.flandersinvestmentandtrade.com/export/sites/trade/files/market_studies/Life%20science%20and%20biotech%20industry_Lituania_2016.pdf|website=Flandersinvestmentandtrade.com|title=The life science industry in Lithuania|pages=2|accessdate=2018-03-31}}&lt;/ref&gt;.

В 2008 году была начата программа развития инновационных долин, направленная на модернизацию литовской инфраструктуры научных исследований и стимулирование сотрудничества бизнеса и науки. Были запущены 5 долин исследований и разработок — Jūrinis (морские технологии), Nemunas (агро, биоэнергетика, лесное хозяйство), Saulėtekis (лазер, полупроводники), Santara (биотехнология, медицина), Santaka (устойчивая химия и фармацевтика)&lt;ref&gt;{{cite web|title=Lithuania becomes Associate Member State of CERN|url=https://ukmin.lrv.lt/en/sector-activities/innovation/valleys|website=ukmin.lrv.lt/|accessdate=2018-03-22|archiveurl=https://web.archive.org/web/20180322143416/https://ukmin.lrv.lt/en/sector-activities/innovation/valleys|archivedate=2018-03-22|deadlink=yes}}&lt;/ref&gt;. Литовский инновационный центр создан для поддержки инноваций и исследовательских институтов&lt;ref&gt;{{cite web|title=Lithuanian Innovation Center|url=https://lic.lt/en/|website=lic.lt|accessdate=2018-04-12}}&lt;/ref&gt;.

== Культура ==
{{главная|Культура Литвы}}
; Литература
{{главная|Литовская литература}}
[[Донелайтис, Кристионас|Кристионас Донелайтис]], [[Майронис]], [[Баранаускас, Антанас|Антанас Баранаускас]], [[Креве, Винцас|Винцас Креве-Мицкявичюс]], [[Жемайте, Юлия|Жемайте]]
; Кинематограф
{{главная|Кинематограф Литвы}}

; Образование и наука
{{главная|Образование в Литве}}

; Спорт
В 1924 ос­но­ван Национальный олим­пий­ский комитет Литвы; ли­товские спорт­сме­ны де­бю­ти­ро­ва­ли на Олим­пий­ских иг­рах в Па­ри­же (1924). В 1937 и 1939 муж­ская сбор­ная ко­ман­да Литвы по бас­кет­бо­лу ста­ла по­бе­ди­те­лем 1-го и 2-го чем­пио­на­тов Ев­ро­пы. В 1992—2010 ли­товские спорт­сме­ны вы­иг­ра­ли на Олим­пий­ских иг­рах 4 зо­ло­тые, 4 се­реб­ря­ные и 8 брон­зо­вых ме­да­лей.

Национальным видом спорта в Литве считается [[Баскетбол в Литве|баскетбол]] (см. [[Чемпионат Литвы по баскетболу|ЛБЛ]]). Литовские [[Евролига (баскетбол)|баскетбольные команды]] и [[Мужская сборная Литвы по баскетболу|сборная]] регулярно участвуют в [[Чемпионат Европы по баскетболу|важнейших соревнованиях Европы]] и [[ЧМ по баскетболу|мира]].

Молодёжная сборная Литвы [[Футбол в Литве|по футболу]] становилась победителем [[Футбол на летней Спартакиаде народов СССР 1983|Спартакиады-1983]].

; СМИ
{{главная|Средства массовой информации Литвы}}
Множество газет (в том числе на русском, польском, белорусском языках, см. [[:Категория:Газеты Литвы]]).
Много журналов.

Два государственных ([[Литовское телевидение|LTV]] и LTV2) и множество частных [[телевизионный канал (СМИ)|телеканалов]] (в столице имеется одна действующая [[Вильнюсская телебашня]]. С 2012 года эфирное вещание переведено в [[Цифровое телевидение|цифровой формат]]).

Более двух десятков [[Радиовещательная станция|радиостанций]] (также вещающих и на [[Русское радио|русском]], польском, английском языках) в диапазоне [[Частотная модуляция|FM]], как с собственных передатчиков, так и с арендованных государственных.

В Литве 54,7 % домохозяйств были подключены к сети [[Интернет]] (2009)&lt;ref group=&quot;комм.&quot;&gt;По данным [[Департамент статистики Литвы|Департамента статистики Литвы]]&lt;/ref&gt;.

== Достопримечательности ==
см. [[:Категория:Архитектура Литвы]], [[:Категория:Всемирное наследие в Литве]]

== Вооружённые силы ==
{{главная|Вооружённые силы Литвы}}

== Примечания ==
;Комментарии
{{примечания|group=комм.}}

;Источники
{{примечания|2|refs=

&lt;ref name=&quot;finmin.lrv.lt&quot;&gt;{{cite web|title=Lithuanian Institutions Enhance Focus on New Financial Technologies and Fintech Sector Development in Lithuania|url=https://finmin.lrv.lt/en/news/lithuanian-institutions-enhance-focus-on-new-financial-technologies-and-fintech-sector-development-in-lithuania|website=finmin.lrv.lt|accessdate=18 March 2018}}&lt;/ref&gt;

}}

== Литература ==
* ''Эйдинтас А.'', ''Бумблаускас А.'', ''Кулакаускас А.'', ''Тамошайтис М.'' История Литвы / пер. Е. Суворовой. — Вильнюс: Eugrimas, 2013. — 317 c. ISBN 978-609-437-165-3.
* ''Eidintas A.'', ''Bumblauskas A.'', ''Kulakauskas A.'', ''Tamošaitis M.'' [http://urm.lt/uploads/default/documents/Travel_Residence/history_of_lithuania_new.pdf The History of Lithuania] / Translated and edited by S. Kondratas and R. Kondratas. — Revised 2nd edition. — Vilnius: Eugrimas, 2015. — 328 p. ISBN 978-609-437-163-9.
* {{книга |автор=[[Поспелов, Евгений Михайлович|Поспелов Е. М.]]|заглавие=[[Географические названия мира. Топонимический словарь]]|издание=2-е изд., стереотип|ответственный=отв. ред. Р. А. Агеева |ссылка= |место=М.|издательство=Русские словари, Астрель, АСТ|год=2002|том= |страниц=512|страницы=|isbn=5-17-001389-2 |тираж=3000 |ref=Поспелов}}
*{{книга
 |автор         = Петрик Артем
 |заглавие      = Епоха великих надій: нариси історії міжвоєнної Литви (1918-1940)
 |язык          = uk
 |ссылка        = https://www.researchgate.net/publication/344750156_JOKUBAUSKAS_V_Istoricna_kniga_ta_ii_majbutne_zamist_vstupnogo_slova_In_PETRIK_A_M_Epoha_velikih_nadij_narisi_istorii_mizvoennoi_Litvi_1918-1940_Odesa-Riga-Torun_Vidavnicij_dim_Gelvetika_Izdevnieciba_B
 |место         = [[Одесса|Одеса]]-[[Рига]]-[[Торунь]]
 |издательство  = Видавничий  дім  «Гельветика», Izdevniecība “Baltija Publishing”, Wydawnictwo Adam Marszałek
 |год           = [[2020]]
 |страниц       = 382
 |isbn          = 978-966-992-077-5
}}

== Ссылки ==
{{Навигация
|Портал      = Литва
|Викисловарь = Литва
|Викитека    = Категория:Литовские авторы
}}

* {{dmoz|World/Russian/Страны_и_регионы/Европа/Литва/}}
* [http://www.olitve.ru/ Портал «Всё о Литве»]
* {{wikiatlas|Lithuania}}
* [https://www.cia.gov/library/publications/resources/world-leaders-1/LH.html Lithuania. CIA Chiefs of State and Cabinet Members of Foreign Governments]{{ref-en}}
* {{cite web |title = Lithuania from ''UCB Libraries GovPubs'' |url = http://ucblibraries.colorado.edu/govpubs/for/lithuania.htm |archiveurl = https://web.archive.org/web/20160304061242/http://ucblibraries.colorado.edu/govpubs/for/lithuania.htm |archivedate = 2016-03-04 |deadlink = yes  |lang = en }}

{{ВС}}
{{Литва в темах}}
{{Европа}}
{{Евросоюз}}
{{Союз для Средиземноморья}}
{{Совет Европы}}
{{Содружество демократического выбора}}
{{Франкофония}}
{{Люблинский треугольник}}
{{История Литвы}}
{{Страны после распада СССР}}
{{Межгосударственные объединения внутри Европейского союза}}

[[Категория:Литва| ]]
[[Категория:Государства — члены Европейского союза]]</text>
      <sha1>m8gtso5iclr9h8g8vyne5dluljvp9os</sha1>
    </revision>
  </page>
</mediawiki>